Using pre-set license
Built from '2021.3/china_unity/release' branch; Version is '2021.3.4f1c1 (64682593795a) revision 6580261'; Using compiler version '192829333'; Build Type 'Release'
OS: 'Windows 10  (10.0.19045) 64bit Core' Language: 'zh' Physical Memory: 16302 MB
BatchMode: 1, IsHumanControllingUs: 0, StartBugReporterOnCrash: 0, Is64bit: 1, IsPro: 1

COMMAND LINE ARGUMENTS:
G:\Software\UnityAllVersions\2021.3.4f1c1\Editor\Unity.exe
-adb2
-batchMode
-noUpm
-name
AssetImportWorker0
-projectPath
G:/Projects/GitHubProjects/MapEditor/MapEditor
-logFile
Logs/AssetImportWorker0.log
-srvPort
59505
Successfully changed project path to: G:/Projects/GitHubProjects/MapEditor/MapEditor
G:/Projects/GitHubProjects/MapEditor/MapEditor
[UnityMemory] Configuration Parameters - Can be set up in boot.config
    "memorysetup-bucket-allocator-granularity=16"
    "memorysetup-bucket-allocator-bucket-count=8"
    "memorysetup-bucket-allocator-block-size=33554432"
    "memorysetup-bucket-allocator-block-count=8"
    "memorysetup-main-allocator-block-size=16777216"
    "memorysetup-thread-allocator-block-size=16777216"
    "memorysetup-gfx-main-allocator-block-size=16777216"
    "memorysetup-gfx-thread-allocator-block-size=16777216"
    "memorysetup-cache-allocator-block-size=4194304"
    "memorysetup-typetree-allocator-block-size=2097152"
    "memorysetup-profiler-bucket-allocator-granularity=16"
    "memorysetup-profiler-bucket-allocator-bucket-count=8"
    "memorysetup-profiler-bucket-allocator-block-size=33554432"
    "memorysetup-profiler-bucket-allocator-block-count=8"
    "memorysetup-profiler-allocator-block-size=16777216"
    "memorysetup-profiler-editor-allocator-block-size=1048576"
    "memorysetup-temp-allocator-size-main=16777216"
    "memorysetup-job-temp-allocator-block-size=2097152"
    "memorysetup-job-temp-allocator-block-size-background=1048576"
    "memorysetup-job-temp-allocator-reduction-small-platforms=262144"
    "memorysetup-temp-allocator-size-background-worker=32768"
    "memorysetup-temp-allocator-size-job-worker=262144"
    "memorysetup-temp-allocator-size-preload-manager=33554432"
    "memorysetup-temp-allocator-size-nav-mesh-worker=65536"
    "memorysetup-temp-allocator-size-audio-worker=65536"
    "memorysetup-temp-allocator-size-cloud-worker=32768"
    "memorysetup-temp-allocator-size-gi-baking-worker=262144"
    "memorysetup-temp-allocator-size-gfx=262144"
AS: AutoStreaming module initializing.
Refreshing native plugins compatible for Editor in 96.82 ms, found 3 plugins.
Preloading 0 native plugins for Editor in 0.00 ms.
Initialize engine version: 2021.3.4f1c1 (64682593795a)
[Subsystems] Discovering subsystems at path G:/Software/UnityAllVersions/2021.3.4f1c1/Editor/Data/Resources/UnitySubsystems
[Subsystems] Discovering subsystems at path G:/Projects/GitHubProjects/MapEditor/MapEditor/Assets
GfxDevice: creating device client; threaded=0; jobified=0
Direct3D:
    Version:  Direct3D 11.0 [level 11.1]
    Renderer: NVIDIA GeForce GTX 1050 Ti (ID=0x1c82)
    Vendor:   NVIDIA
    VRAM:     4004 MB
    Driver:   32.0.15.6094
Initialize mono
Mono path[0] = 'G:/Software/UnityAllVersions/2021.3.4f1c1/Editor/Data/Managed'
Mono path[1] = 'G:/Software/UnityAllVersions/2021.3.4f1c1/Editor/Data/MonoBleedingEdge/lib/mono/unityjit-win32'
Mono config path = 'G:/Software/UnityAllVersions/2021.3.4f1c1/Editor/Data/MonoBleedingEdge/etc'
Using monoOptions --debugger-agent=transport=dt_socket,embedding=1,server=y,suspend=n,address=127.0.0.1:56948
Begin MonoManager ReloadAssembly
Registering precompiled unity dll's ...
Register platform support module: G:/Software/UnityAllVersions/2021.3.4f1c1/Editor/Data/PlaybackEngines/AndroidPlayer/UnityEditor.Android.Extensions.dll
Register platform support module: G:/Software/UnityAllVersions/2021.3.4f1c1/Editor/Data/PlaybackEngines/WindowsStandaloneSupport/UnityEditor.WindowsStandalone.Extensions.dll
Registered in 0.004747 seconds.
Native extension for WindowsStandalone target not found
Native extension for Android target not found
Refreshing native plugins compatible for Editor in 94.38 ms, found 3 plugins.
Preloading 0 native plugins for Editor in 0.00 ms.
Mono: successfully reloaded assembly
- Completed reload, in  0.673 seconds
Domain Reload Profiling:
	ReloadAssembly (673ms)
		BeginReloadAssembly (78ms)
			ExecutionOrderSort (0ms)
			DisableScriptedObjects (0ms)
			BackupInstance (0ms)
			ReleaseScriptingObjects (0ms)
			CreateAndSetChildDomain (1ms)
		EndReloadAssembly (485ms)
			LoadAssemblies (75ms)
			RebuildTransferFunctionScriptingTraits (0ms)
			SetupTypeCache (111ms)
			ReleaseScriptCaches (0ms)
			RebuildScriptCaches (32ms)
			SetupLoadedEditorAssemblies (289ms)
				LogAssemblyErrors (0ms)
				InitializePlatformSupportModulesInManaged (43ms)
				SetLoadedEditorAssemblies (0ms)
				RefreshPlugins (94ms)
				BeforeProcessingInitializeOnLoad (1ms)
				ProcessInitializeOnLoadAttributes (102ms)
				ProcessInitializeOnLoadMethodAttributes (48ms)
				AfterProcessingInitializeOnLoad (0ms)
				EditorAssembliesLoaded (0ms)
			ExecutionOrderSort2 (0ms)
			AwakeInstancesAfterBackupRestoration (0ms)
Platform modules already initialized, skipping
Registering precompiled user dll's ...
Registered in 0.010215 seconds.
Begin MonoManager ReloadAssembly
Symbol file LoadedFromMemory doesn't match image G:\Projects\GitHubProjects\MapEditor\MapEditor\Library\PackageCache\com.unity.visualscripting@1.7.8\Editor\VisualScripting.Core\Dependencies\YamlDotNet\Unity.VisualScripting.YamlDotNet.dll
Symbol file LoadedFromMemory doesn't match image G:\Projects\GitHubProjects\MapEditor\MapEditor\Library\PackageCache\com.unity.visualscripting@1.7.8\Editor\VisualScripting.Core\Dependencies\DotNetZip\Unity.VisualScripting.IonicZip.dll
Native extension for WindowsStandalone target not found
Native extension for Android target not found
Refreshing native plugins compatible for Editor in 0.56 ms, found 3 plugins.
Preloading 0 native plugins for Editor in 0.00 ms.
Mono: successfully reloaded assembly
- Completed reload, in  1.127 seconds
Domain Reload Profiling:
	ReloadAssembly (1128ms)
		BeginReloadAssembly (112ms)
			ExecutionOrderSort (0ms)
			DisableScriptedObjects (6ms)
			BackupInstance (0ms)
			ReleaseScriptingObjects (0ms)
			CreateAndSetChildDomain (19ms)
		EndReloadAssembly (898ms)
			LoadAssemblies (91ms)
			RebuildTransferFunctionScriptingTraits (0ms)
			SetupTypeCache (271ms)
			ReleaseScriptCaches (1ms)
			RebuildScriptCaches (60ms)
			SetupLoadedEditorAssemblies (431ms)
				LogAssemblyErrors (0ms)
				InitializePlatformSupportModulesInManaged (15ms)
				SetLoadedEditorAssemblies (1ms)
				RefreshPlugins (1ms)
				BeforeProcessingInitializeOnLoad (104ms)
				ProcessInitializeOnLoadAttributes (268ms)
				ProcessInitializeOnLoadMethodAttributes (35ms)
				AfterProcessingInitializeOnLoad (8ms)
				EditorAssembliesLoaded (0ms)
			ExecutionOrderSort2 (0ms)
			AwakeInstancesAfterBackupRestoration (8ms)
Platform modules already initialized, skipping
========================================================================
Worker process is ready to serve import requests
Launched and connected shader compiler UnityShaderCompiler.exe after 0.09 seconds
Refreshing native plugins compatible for Editor in 0.52 ms, found 3 plugins.
Preloading 0 native plugins for Editor in 0.00 ms.
Unloading 3659 Unused Serialized files (Serialized files now loaded: 0)
Unloading 40 unused Assets / (181.8 KB). Loaded Objects now: 4121.
Memory consumption went from 125.7 MB to 125.5 MB.
Total: 3.473800 ms (FindLiveObjects: 0.263800 ms CreateObjectMapping: 0.199700 ms MarkObjects: 2.897300 ms  DeleteObjects: 0.112100 ms)

AssetImportParameters requested are different than current active one (requested -> active):
  custom:video-decoder-ogg-theora: a1e56fd34408186e4bbccfd4996cb3dc -> 
  custom:container-muxer-webm: aa71ff27fc2769a1b78a27578f13a17b -> 
  custom:container-demuxer-webm: 4f35f7cbe854078d1ac9338744f61a02 -> 
  custom:video-encoder-webm-vp8: eb34c28f22e8b96e1ab97ce403110664 -> 
  custom:audio-encoder-webm-vorbis: bf7c407c2cedff20999df2af8eb42d56 -> 
  custom:framework-win-MediaFoundation: 216162199b28c13a410421893ffa2e32 -> 
  custom:container-demuxer-ogg: 62fdf1f143b41e24485cea50d1cbac27 -> 
  custom:video-decoder-webm-vp8: 9c59270c3fd7afecdb556c50c9e8de78 -> 
  custom:audio-decoder-ogg-vorbis: bf7c407c2cedff20999df2af8eb42d56 -> 
========================================================================
Received Import Request.
  Time since last request: 337698.920586 seconds.
  path: Assets/Scripts/Game/ECS/MapGame/World/MapGameWorld.cs
  artifactKey: Guid(bb37a0505d8051845929bc5748114916) Importer(815301076,1909f56bfc062723c751e8b465ee728b)
Start importing Assets/Scripts/Game/ECS/MapGame/World/MapGameWorld.cs using Guid(bb37a0505d8051845929bc5748114916) Importer(815301076,1909f56bfc062723c751e8b465ee728b)  -> (artifact id: 'cd8b313aa8ae9f2f9e50d9aa9990b62c') in 0.036850 seconds 
========================================================================
Received Import Request.
  Time since last request: 134.523601 seconds.
  path: Assets/Scripts/Map/Map.cs
  artifactKey: Guid(1cfd5147803964b4b8f674f0caa60360) Importer(815301076,1909f56bfc062723c751e8b465ee728b)
Start importing Assets/Scripts/Map/Map.cs using Guid(1cfd5147803964b4b8f674f0caa60360) Importer(815301076,1909f56bfc062723c751e8b465ee728b)  -> (artifact id: 'ff0a0c576e56de6ccef1c738d41e63d2') in 0.014129 seconds 
========================================================================
Received Import Request.
  Time since last request: 2.407796 seconds.
  path: Assets/Scripts/Map/MapData
  artifactKey: Guid(3b2c13c65ec9279439bffd461d9917a8) Importer(815301076,1909f56bfc062723c751e8b465ee728b)
Start importing Assets/Scripts/Map/MapData using Guid(3b2c13c65ec9279439bffd461d9917a8) Importer(815301076,1909f56bfc062723c751e8b465ee728b)  -> (artifact id: '5e544179b474e4ce50850b6f8f7e375a') in 0.001652 seconds 
========================================================================
Received Import Request.
  Time since last request: 2.534080 seconds.
  path: Assets/Scripts/Map/MapData/MapData.cs
  artifactKey: Guid(eaddb70c98185eb448e74d8f593e224c) Importer(815301076,1909f56bfc062723c751e8b465ee728b)
Start importing Assets/Scripts/Map/MapData/MapData.cs using Guid(eaddb70c98185eb448e74d8f593e224c) Importer(815301076,1909f56bfc062723c751e8b465ee728b)  -> (artifact id: '2d34070b11e150d826e00a0c2d44137b') in 0.001481 seconds 
========================================================================
Received Import Request.
  Time since last request: 1062.169564 seconds.
  path: Assets/Scripts/Editor/MapEditor/MapExport/MapExport.cs
  artifactKey: Guid(476a183fa726d134985ddc921712cc99) Importer(815301076,1909f56bfc062723c751e8b465ee728b)
Start importing Assets/Scripts/Editor/MapEditor/MapExport/MapExport.cs using Guid(476a183fa726d134985ddc921712cc99) Importer(815301076,1909f56bfc062723c751e8b465ee728b)  -> (artifact id: '0085a1033c4d3e9c18299b9ed0cd6080') in 0.002056 seconds 
========================================================================
Received Import Request.
  Time since last request: 4.337911 seconds.
  path: Assets/Scripts/Editor/MapEditor/MapExport/MapDataExport.cs
  artifactKey: Guid(4158f48db1f63214cb6a821ad505ebbc) Importer(815301076,1909f56bfc062723c751e8b465ee728b)
Start importing Assets/Scripts/Editor/MapEditor/MapExport/MapDataExport.cs using Guid(4158f48db1f63214cb6a821ad505ebbc) Importer(815301076,1909f56bfc062723c751e8b465ee728b)  -> (artifact id: 'aaea6a424daeb4b20ba82573ebe7acf9') in 0.001956 seconds 
========================================================================
Received Import Request.
  Time since last request: 313.819463 seconds.
  path: Assets/Scripts/Editor/MapEditor/MapFoldType.cs
  artifactKey: Guid(4507e0da05689a14cbcedc492f05b47a) Importer(815301076,1909f56bfc062723c751e8b465ee728b)
Start importing Assets/Scripts/Editor/MapEditor/MapFoldType.cs using Guid(4507e0da05689a14cbcedc492f05b47a) Importer(815301076,1909f56bfc062723c751e8b465ee728b)  -> (artifact id: '7c52082653deed5e76b824a701a552d2') in 0.002255 seconds 
========================================================================
Received Import Request.
  Time since last request: 0.564510 seconds.
  path: Assets/Scripts/Map/MapFoldType.cs
  artifactKey: Guid(ad26075bd5e483e4ba52c70dfbfebcfe) Importer(815301076,1909f56bfc062723c751e8b465ee728b)
Start importing Assets/Scripts/Map/MapFoldType.cs using Guid(ad26075bd5e483e4ba52c70dfbfebcfe) Importer(815301076,1909f56bfc062723c751e8b465ee728b)  -> (artifact id: '271d5be13ba969c88ee68de2cd1ea1cd') in 0.001999 seconds 
========================================================================
Received Import Request.
  Time since last request: 19.697428 seconds.
  path: Assets/Scripts/Map/MapFoldTypeData.cs
  artifactKey: Guid(2d479c77e2fe0cf48a2118856e10347b) Importer(815301076,1909f56bfc062723c751e8b465ee728b)
Start importing Assets/Scripts/Map/MapFoldTypeData.cs using Guid(2d479c77e2fe0cf48a2118856e10347b) Importer(815301076,1909f56bfc062723c751e8b465ee728b)  -> (artifact id: 'ac17afd68bf81d3a8a95d5a08bff6e8f') in 0.002011 seconds 
========================================================================
Received Import Request.
  Time since last request: 160.528897 seconds.
  path: Assets/Scripts/Editor/MapEditor/MapFoldTypeDisplayData.cs
  artifactKey: Guid(bebb11aff8028174e94fad2bacef2292) Importer(815301076,1909f56bfc062723c751e8b465ee728b)
Start importing Assets/Scripts/Editor/MapEditor/MapFoldTypeDisplayData.cs using Guid(bebb11aff8028174e94fad2bacef2292) Importer(815301076,1909f56bfc062723c751e8b465ee728b)  -> (artifact id: 'dc5a848c84c58e356ec778f386857214') in 0.003377 seconds 
